[2019-07-23 10:51:26.242] [exthost] [info] extension host started
[2019-07-23 10:51:26.261] [exthost] [info] ExtensionService#_doActivateExtension vscode.debug-auto-launch {"startup":true,"activationEvent":"*"}
[2019-07-23 10:51:26.261] [exthost] [info] ExtensionService#loadCommonJSModule /private/var/folders/k5/5sfx4_wn3vb8v1jlf02n_2p80000gn/T/AppTranslocation/CF37E2AB-B1B3-4E31-9112-E1FB05392680/d/Visual Studio Code.app/Contents/Resources/app/extensions/debug-auto-launch/dist/extension
[2019-07-23 10:51:26.265] [exthost] [info] ExtensionService#_doActivateExtension vscode.emmet {"startup":true,"activationEvent":"*"}
[2019-07-23 10:51:26.265] [exthost] [info] ExtensionService#loadCommonJSModule /private/var/folders/k5/5sfx4_wn3vb8v1jlf02n_2p80000gn/T/AppTranslocation/CF37E2AB-B1B3-4E31-9112-E1FB05392680/d/Visual Studio Code.app/Contents/Resources/app/extensions/emmet/dist/extension
[2019-07-23 10:51:26.281] [exthost] [info] ExtensionService#_doActivateExtension vscode.git {"startup":true,"activationEvent":"*"}
[2019-07-23 10:51:26.281] [exthost] [info] ExtensionService#loadCommonJSModule /private/var/folders/k5/5sfx4_wn3vb8v1jlf02n_2p80000gn/T/AppTranslocation/CF37E2AB-B1B3-4E31-9112-E1FB05392680/d/Visual Studio Code.app/Contents/Resources/app/extensions/git/dist/main
[2019-07-23 10:51:26.367] [exthost] [info] ExtensionService#_doActivateExtension vscode.merge-conflict {"startup":true,"activationEvent":"*"}
[2019-07-23 10:51:26.367] [exthost] [info] ExtensionService#loadCommonJSModule /private/var/folders/k5/5sfx4_wn3vb8v1jlf02n_2p80000gn/T/AppTranslocation/CF37E2AB-B1B3-4E31-9112-E1FB05392680/d/Visual Studio Code.app/Contents/Resources/app/extensions/merge-conflict/dist/extension
[2019-07-23 10:51:26.372] [exthost] [info] eager extensions activated
[2019-07-23 10:51:53.467] [exthost] [info] extension host started
[2019-07-23 10:51:53.489] [exthost] [info] ExtensionService#_doActivateExtension vscode.debug-auto-launch {"startup":true,"activationEvent":"*"}
[2019-07-23 10:51:53.489] [exthost] [info] ExtensionService#loadCommonJSModule /private/var/folders/k5/5sfx4_wn3vb8v1jlf02n_2p80000gn/T/AppTranslocation/CF37E2AB-B1B3-4E31-9112-E1FB05392680/d/Visual Studio Code.app/Contents/Resources/app/extensions/debug-auto-launch/dist/extension
[2019-07-23 10:51:53.491] [exthost] [info] ExtensionService#_doActivateExtension vscode.emmet {"startup":true,"activationEvent":"*"}
[2019-07-23 10:51:53.491] [exthost] [info] ExtensionService#loadCommonJSModule /private/var/folders/k5/5sfx4_wn3vb8v1jlf02n_2p80000gn/T/AppTranslocation/CF37E2AB-B1B3-4E31-9112-E1FB05392680/d/Visual Studio Code.app/Contents/Resources/app/extensions/emmet/dist/extension
[2019-07-23 10:51:53.496] [exthost] [info] ExtensionService#_doActivateExtension vscode.git {"startup":true,"activationEvent":"*"}
[2019-07-23 10:51:53.496] [exthost] [info] ExtensionService#loadCommonJSModule /private/var/folders/k5/5sfx4_wn3vb8v1jlf02n_2p80000gn/T/AppTranslocation/CF37E2AB-B1B3-4E31-9112-E1FB05392680/d/Visual Studio Code.app/Contents/Resources/app/extensions/git/dist/main
[2019-07-23 10:51:53.523] [exthost] [info] ExtensionService#_doActivateExtension vscode.merge-conflict {"startup":true,"activationEvent":"*"}
[2019-07-23 10:51:53.523] [exthost] [info] ExtensionService#loadCommonJSModule /private/var/folders/k5/5sfx4_wn3vb8v1jlf02n_2p80000gn/T/AppTranslocation/CF37E2AB-B1B3-4E31-9112-E1FB05392680/d/Visual Studio Code.app/Contents/Resources/app/extensions/merge-conflict/dist/extension
[2019-07-23 10:51:53.527] [exthost] [info] eager extensions activated
[2019-07-23 10:51:57.033] [exthost] [info] ExtensionService#_doActivateExtension vscode.typescript-language-features {"startup":false,"activationEvent":"onLanguage:javascript"}
[2019-07-23 10:51:57.033] [exthost] [info] ExtensionService#loadCommonJSModule /private/var/folders/k5/5sfx4_wn3vb8v1jlf02n_2p80000gn/T/AppTranslocation/CF37E2AB-B1B3-4E31-9112-E1FB05392680/d/Visual Studio Code.app/Contents/Resources/app/extensions/typescript-language-features/dist/extension
