[2019-06-28 16:00:29.170] [exthost] [info] extension host started
[2019-06-28 16:00:29.189] [exthost] [info] ExtensionService#_doActivateExtension vscode.debug-auto-launch {"startup":true,"activationEvent":"*"}
[2019-06-28 16:00:29.189] [exthost] [info] ExtensionService#loadCommonJSModule /private/var/folders/k5/5sfx4_wn3vb8v1jlf02n_2p80000gn/T/AppTranslocation/0AAD5968-CD19-4689-94AD-25C3F7A3C7CD/d/Visual Studio Code.app/Contents/Resources/app/extensions/debug-auto-launch/dist/extension
[2019-06-28 16:00:29.193] [exthost] [info] ExtensionService#_doActivateExtension vscode.emmet {"startup":true,"activationEvent":"*"}
[2019-06-28 16:00:29.193] [exthost] [info] ExtensionService#loadCommonJSModule /private/var/folders/k5/5sfx4_wn3vb8v1jlf02n_2p80000gn/T/AppTranslocation/0AAD5968-CD19-4689-94AD-25C3F7A3C7CD/d/Visual Studio Code.app/Contents/Resources/app/extensions/emmet/dist/extension
[2019-06-28 16:00:29.211] [exthost] [info] ExtensionService#_doActivateExtension vscode.git {"startup":true,"activationEvent":"*"}
[2019-06-28 16:00:29.212] [exthost] [info] ExtensionService#loadCommonJSModule /private/var/folders/k5/5sfx4_wn3vb8v1jlf02n_2p80000gn/T/AppTranslocation/0AAD5968-CD19-4689-94AD-25C3F7A3C7CD/d/Visual Studio Code.app/Contents/Resources/app/extensions/git/dist/main
[2019-06-28 16:00:29.302] [exthost] [info] ExtensionService#_doActivateExtension vscode.merge-conflict {"startup":true,"activationEvent":"*"}
[2019-06-28 16:00:29.302] [exthost] [info] ExtensionService#loadCommonJSModule /private/var/folders/k5/5sfx4_wn3vb8v1jlf02n_2p80000gn/T/AppTranslocation/0AAD5968-CD19-4689-94AD-25C3F7A3C7CD/d/Visual Studio Code.app/Contents/Resources/app/extensions/merge-conflict/dist/extension
[2019-06-28 16:00:29.307] [exthost] [info] eager extensions activated
[2019-06-28 16:00:45.702] [exthost] [info] extension host started
[2019-06-28 16:00:45.727] [exthost] [info] ExtensionService#_doActivateExtension vscode.debug-auto-launch {"startup":true,"activationEvent":"*"}
[2019-06-28 16:00:45.728] [exthost] [info] ExtensionService#loadCommonJSModule /private/var/folders/k5/5sfx4_wn3vb8v1jlf02n_2p80000gn/T/AppTranslocation/0AAD5968-CD19-4689-94AD-25C3F7A3C7CD/d/Visual Studio Code.app/Contents/Resources/app/extensions/debug-auto-launch/dist/extension
[2019-06-28 16:00:45.732] [exthost] [info] ExtensionService#_doActivateExtension vscode.emmet {"startup":true,"activationEvent":"*"}
[2019-06-28 16:00:45.732] [exthost] [info] ExtensionService#loadCommonJSModule /private/var/folders/k5/5sfx4_wn3vb8v1jlf02n_2p80000gn/T/AppTranslocation/0AAD5968-CD19-4689-94AD-25C3F7A3C7CD/d/Visual Studio Code.app/Contents/Resources/app/extensions/emmet/dist/extension
[2019-06-28 16:00:45.738] [exthost] [info] ExtensionService#_doActivateExtension vscode.git {"startup":true,"activationEvent":"*"}
[2019-06-28 16:00:45.738] [exthost] [info] ExtensionService#loadCommonJSModule /private/var/folders/k5/5sfx4_wn3vb8v1jlf02n_2p80000gn/T/AppTranslocation/0AAD5968-CD19-4689-94AD-25C3F7A3C7CD/d/Visual Studio Code.app/Contents/Resources/app/extensions/git/dist/main
[2019-06-28 16:00:45.765] [exthost] [info] ExtensionService#_doActivateExtension vscode.merge-conflict {"startup":true,"activationEvent":"*"}
[2019-06-28 16:00:45.765] [exthost] [info] ExtensionService#loadCommonJSModule /private/var/folders/k5/5sfx4_wn3vb8v1jlf02n_2p80000gn/T/AppTranslocation/0AAD5968-CD19-4689-94AD-25C3F7A3C7CD/d/Visual Studio Code.app/Contents/Resources/app/extensions/merge-conflict/dist/extension
[2019-06-28 16:00:45.767] [exthost] [info] eager extensions activated
